Arguments: 
  /Users/chenk/.nvm/versions/node/v14.15.4/bin/node /var/folders/56/59ng2r291sn9yp49vgbs_z7h0000gn/T/fnm_multishells/55722_1675336505864/bin/yarn start

PATH: 
  /Users/chenk/.nvm/versions/node/v14.15.4/bin:/var/folders/56/59ng2r291sn9yp49vgbs_z7h0000gn/T/fnm_multishells/55722_1675336505864/bin:/Users/chenk/.fnm:/Library/Frameworks/Python.framework/Versions/2.7/bin:/usr/local/bin:/System/Cryptexes/App/usr/bin:/usr/bin:/bin:/usr/sbin:/sbin:/Library/Apple/usr/bin:/Users/chenk/.nvm/versions/node/v14.15.4/bin:/var/folders/56/59ng2r291sn9yp49vgbs_z7h0000gn/T/fnm_multishells/22797_1674637430036/bin:/Users/chenk/.fnm:/Library/Frameworks/Python.framework/Versions/2.7/bin

Yarn version: 
  1.22.10

Node version: 
  14.15.4

Platform: 
  darwin x64

Trace: 
  SyntaxError: /Users/chenk/Desktop/scapper/package.json: Unexpected string in JSON at position 88
      at JSON.parse (<anonymous>)
      at /Users/chenk/.fnm/node-versions/v14.17.0/installation/lib/node_modules/yarn/lib/cli.js:1625:59
      at Generator.next (<anonymous>)
      at step (/Users/chenk/.fnm/node-versions/v14.17.0/installation/lib/node_modules/yarn/lib/cli.js:310:30)
      at /Users/chenk/.fnm/node-versions/v14.17.0/installation/lib/node_modules/yarn/lib/cli.js:321:13

npm manifest: 
  {
    "name": "scapper",
    "version": "1.0.0",
    "main": "index.js",
    "license": "MIT"
    "scripts": {
      "start": "node index.js"
    }
  }

yarn manifest: 
  No manifest

Lockfile: 
  # THIS IS AN AUTOGENERATED FILE. DO NOT EDIT THIS FILE DIRECTLY.
  # yarn lockfile v1
